<?xml version="1.0" encoding="UTF-8"?>
<robot generator="Robot 3.0.4 (Python 3.6.5 on darwin)" generated="20180803 17:49:50.679">
<suite id="s1" name="API" source="/Users/macbookpro/PycharmProjects/0727object/资源API/API">
<suite id="s1-s1" name="下单" source="/Users/macbookpro/PycharmProjects/0727object/资源API/API/下单.robot">
<kw name="连接服务开启" library="初始化环境" type="setup">
<kw name="Create Session" library="RequestsLibrary">
<doc>Create Session: create a HTTP session to a server</doc>
<arguments>
<arg>api</arg>
<arg>http://172.23.3.62:8091</arg>
</arguments>
<msg timestamp="20180803 17:49:50.881" level="INFO">Creating Session using : alias=api, url=http://172.23.3.62:8091, headers={},                     cookies=None, auth=None, timeout=None, proxies=None, verify=False,                     debug=0 </msg>
<status status="PASS" starttime="20180803 17:49:50.881" endtime="20180803 17:49:50.882"></status>
</kw>
<status status="PASS" starttime="20180803 17:49:50.881" endtime="20180803 17:49:50.882"></status>
</kw>
<test id="s1-s1-t1" name="获取登陆Token">
<kw name="用户登录" library="常用流程">
<arguments>
<arg>${S_username}</arg>
<arg>${S_password}</arg>
</arguments>
<assign>
<var>${addr}</var>
</assign>
<kw name="获取MD5" library="常用流程">
<arguments>
<arg>${password}</arg>
</arguments>
<assign>
<var>${S_MD5_pswd}</var>
</assign>
<kw name="Evaluate" library="BuiltIn">
<doc>Evaluates the given expression in Python and returns the results.</doc>
<arguments>
<arg>hashlib.md5('${strings}'.encode(encoding='utf8')).hexdigest()</arg>
<arg>hashlib</arg>
</arguments>
<assign>
<var>${MD5}</var>
</assign>
<msg timestamp="20180803 17:49:50.884" level="INFO">${MD5} = 25d55ad283aa400af464c76d713c07ad</msg>
<status status="PASS" starttime="20180803 17:49:50.884" endtime="20180803 17:49:50.884"></status>
</kw>
<msg timestamp="20180803 17:49:50.884" level="INFO">${S_MD5_pswd} = 25d55ad283aa400af464c76d713c07ad</msg>
<status status="PASS" starttime="20180803 17:49:50.883" endtime="20180803 17:49:50.884"></status>
</kw>
<kw name="Get Request" library="RequestsLibrary">
<doc>Send a GET request on the session object found using the</doc>
<arguments>
<arg>api</arg>
<arg>${P_Login}&amp;accountNo=${user_name}&amp;password=${S_MD5_pswd}</arg>
</arguments>
<assign>
<var>${addr}</var>
</assign>
<msg timestamp="20180803 17:49:50.945" level="INFO">Get Request using : alias=api, uri=/usercenter/doLogin?client=3&amp;app_version=AD_1.0.5&amp;deviceNo=8e510bea-b14e-3750-b5bc-f23679812d19&amp;accountNo=1291823196@qq.com&amp;password=25d55ad283aa400af464c76d713c07ad, headers=None json=None</msg>
<msg timestamp="20180803 17:49:50.945" level="INFO">${addr} = &lt;Response [200]&gt;</msg>
<status status="PASS" starttime="20180803 17:49:50.884" endtime="20180803 17:49:50.945"></status>
</kw>
<msg timestamp="20180803 17:49:50.945" level="INFO">${addr} = &lt;Response [200]&gt;</msg>
<status status="PASS" starttime="20180803 17:49:50.883" endtime="20180803 17:49:50.945"></status>
</kw>
<kw name="Log To Console" library="BuiltIn">
<doc>Logs the given message to the console.</doc>
<arguments>
<arg>response内容如下：${addr.json()}</arg>
</arguments>
<status status="PASS" starttime="20180803 17:49:50.946" endtime="20180803 17:49:50.947"></status>
</kw>
<kw name="Log To Console" library="BuiltIn">
<doc>Logs the given message to the console.</doc>
<arguments>
<arg>取token的内容如下：${addr.json()['data']['token']}</arg>
</arguments>
<status status="PASS" starttime="20180803 17:49:50.947" endtime="20180803 17:49:50.948"></status>
</kw>
<kw name="To Json" library="RequestsLibrary">
<doc>Convert a string to a JSON object</doc>
<arguments>
<arg>${addr.content}</arg>
</arguments>
<assign>
<var>${response}</var>
</assign>
<msg timestamp="20180803 17:49:50.948" level="INFO">To JSON using : content={"result":"ok","msg":"success","code":200,"data":{"id":null,"userNo":null,"areaId":null,"createTime":null,"ecCode":null,"email":"1291823196@qq.com","username":null,"password":null,"unionId":null,"headIco":null,"lastLogin":null,"location":null,"lockReason":null,"mobile":"1234","nickname":null,"openId":null,"openIdApp":null,"openIdWeb":null,"status":1,"isDelete":1,"hometown":null,"verifyCode":"Tpcwc72-kmc7-AEYJVBRIIRV6WLEABHQAVZLRTQ-i4","responseCode":200,"responseTip":null,"loginSource":0,"deviceId":null,"ip":null,"coordinate":null,"sex":2,"isBind8Dol":1,"college":null,"picCode":null,"vipExpireTime":null,"isNewer":0,"firstName":"liu","lastName":"chang","token":"Tpcwc72-kmc7-AEYJVBRIIRV6WLEABHQAVZLRTQ-i4","vip":false},"rescode":200} </msg>
<msg timestamp="20180803 17:49:50.948" level="INFO">To JSON using : pretty_print=False </msg>
<msg timestamp="20180803 17:49:50.948" level="INFO">${response} = {'result': 'ok', 'msg': 'success', 'code': 200, 'data': {'id': None, 'userNo': None, 'areaId': None, 'createTime': None, 'ecCode': None, 'email': '1291823196@qq.com', 'username': None, 'password': Non...</msg>
<status status="PASS" starttime="20180803 17:49:50.948" endtime="20180803 17:49:50.948"></status>
</kw>
<kw name="Get From Dictionary" library="Collections">
<doc>Returns a value from the given ``dictionary`` based on the given ``key``.</doc>
<arguments>
<arg>${response}</arg>
<arg>data</arg>
</arguments>
<assign>
<var>${data}</var>
</assign>
<msg timestamp="20180803 17:49:50.949" level="INFO">${data} = {'id': None, 'userNo': None, 'areaId': None, 'createTime': None, 'ecCode': None, 'email': '1291823196@qq.com', 'username': None, 'password': None, 'unionId': None, 'headIco': None, 'lastLogin': None, ...</msg>
<status status="PASS" starttime="20180803 17:49:50.949" endtime="20180803 17:49:50.949"></status>
</kw>
<kw name="Get From Dictionary" library="Collections">
<doc>Returns a value from the given ``dictionary`` based on the given ``key``.</doc>
<arguments>
<arg>${data}</arg>
<arg>token</arg>
</arguments>
<assign>
<var>${token}</var>
</assign>
<msg timestamp="20180803 17:49:50.949" level="INFO">${token} = Tpcwc72-kmc7-AEYJVBRIIRV6WLEABHQAVZLRTQ-i4</msg>
<status status="PASS" starttime="20180803 17:49:50.949" endtime="20180803 17:49:50.949"></status>
</kw>
<status status="PASS" starttime="20180803 17:49:50.882" endtime="20180803 17:49:50.950" critical="yes"></status>
</test>
<kw name="断开连接服务" library="初始化环境" type="teardown">
<kw name="Delete All Sessions" library="RequestsLibrary">
<doc>Removes all the session objects</doc>
<msg timestamp="20180803 17:49:50.951" level="INFO">Delete All Sessions</msg>
<status status="PASS" starttime="20180803 17:49:50.951" endtime="20180803 17:49:50.952"></status>
</kw>
<status status="PASS" starttime="20180803 17:49:50.951" endtime="20180803 17:49:50.952"></status>
</kw>
<doc>Suite description</doc>
<status status="PASS" starttime="20180803 17:49:50.709" endtime="20180803 17:49:50.952"></status>
</suite>
<status status="PASS" starttime="20180803 17:49:50.681" endtime="20180803 17:49:50.953"></status>
</suite>
<statistics>
<total>
<stat pass="1" fail="0">Critical Tests</stat>
<stat pass="1" fail="0">All Tests</stat>
</total>
<tag>
</tag>
<suite>
<stat pass="1" fail="0" id="s1" name="API">API</stat>
<stat pass="1" fail="0" id="s1-s1" name="下单">API.下单</stat>
</suite>
</statistics>
<errors>
</errors>
</robot>
