<?xml version="1.0" encoding="UTF-8"?>
<robot generator="Robot 3.0.4 (Python 3.6.5 on darwin)" generated="20180803 17:15:58.991">
<suite id="s1" name="Testsuite" source="/Users/macbookpro/PycharmProjects/robot_test2/testsuite">
<suite id="s1-s1" name="上河城 登录" source="/Users/macbookpro/PycharmProjects/robot_test2/testsuite/上河城_登录.robot">
<test id="s1-s1-t1" name="登录">
<kw name="获取随机值">
<assign>
<var>${rnd}</var>
</assign>
<kw name="Evaluate" library="BuiltIn">
<doc>Evaluates the given expression in Python and returns the results.</doc>
<arguments>
<arg>random.randint(0, 1000)</arg>
<arg>modules=random, sys</arg>
</arguments>
<assign>
<var>${random}</var>
</assign>
<msg timestamp="20180803 17:15:59.376" level="INFO">${random} = 953</msg>
<status status="PASS" starttime="20180803 17:15:59.374" endtime="20180803 17:15:59.376"></status>
</kw>
<msg timestamp="20180803 17:15:59.376" level="INFO">${rnd} = 953</msg>
<status status="PASS" starttime="20180803 17:15:59.372" endtime="20180803 17:15:59.376"></status>
</kw>
<kw name="Create Session" library="RequestsLibrary">
<doc>Create Session: create a HTTP session to a server</doc>
<arguments>
<arg>api</arg>
<arg>https://m.shanghehui.com</arg>
</arguments>
<msg timestamp="20180803 17:15:59.376" level="INFO">Creating Session using : alias=api, url=https://m.shanghehui.com, headers={},                     cookies=None, auth=None, timeout=None, proxies=None, verify=False,                     debug=0 </msg>
<status status="PASS" starttime="20180803 17:15:59.376" endtime="20180803 17:15:59.377"></status>
</kw>
<kw name="Post Request" library="RequestsLibrary">
<doc>Send a POST request on the session object found using the</doc>
<arguments>
<arg>api</arg>
<arg>/api/v3/member/login?appKey=498CZZDC&amp;CheckSession=false&amp;rnd=${rnd}</arg>
<arg>${form_data}</arg>
</arguments>
<assign>
<var>${response}</var>
</assign>
<msg timestamp="20180803 17:15:59.483" level="INFO">Post Request using : alias=api, uri=/api/v3/member/login?appKey=498CZZDC&amp;CheckSession=false&amp;rnd=953, data=&lt;empty&gt;, headers=None, files=None, allow_redirects=True </msg>
<msg timestamp="20180803 17:15:59.484" level="INFO">/Library/Frameworks/Python.framework/Versions/3.6/lib/python3.6/site-packages/urllib3/connectionpool.py:858: InsecureRequestWarning: Unverified HTTPS request is being made. Adding certificate verification is strongly advised. See: https://urllib3.readthedocs.io/en/latest/advanced-usage.html#ssl-warnings
  InsecureRequestWarning)</msg>
<msg timestamp="20180803 17:15:59.484" level="INFO">${response} = &lt;Response [200]&gt;</msg>
<status status="PASS" starttime="20180803 17:15:59.377" endtime="20180803 17:15:59.484"></status>
</kw>
<kw name="Should Be Equal As Strings" library="BuiltIn">
<doc>Fails if objects are unequal after converting them to strings.</doc>
<arguments>
<arg>${response.status_code}</arg>
<arg>200</arg>
</arguments>
<msg timestamp="20180803 17:15:59.484" level="INFO">Argument types are:
&lt;class 'int'&gt;
&lt;type 'unicode'&gt;</msg>
<status status="PASS" starttime="20180803 17:15:59.484" endtime="20180803 17:15:59.485"></status>
</kw>
<kw name="Log" library="BuiltIn">
<doc>Logs the given message with the given level.</doc>
<arguments>
<arg>${response.json()}</arg>
</arguments>
<msg timestamp="20180803 17:15:59.485" level="INFO">{'errorCode': 'PUB-00017', 'errorMessage': 'accessToken参数为空', 'extra': None, 'display': True, 'exception': None, 'reqTime': 1533287759, 'costTime': 14, 'skipType': None, 'skipParam': None, 'body': None, 'encrypted': False}</msg>
<status status="PASS" starttime="20180803 17:15:59.485" endtime="20180803 17:15:59.485"></status>
</kw>
<status status="PASS" starttime="20180803 17:15:59.370" endtime="20180803 17:15:59.485" critical="yes"></status>
</test>
<doc>Suite description</doc>
<status status="PASS" starttime="20180803 17:15:59.079" endtime="20180803 17:15:59.486"></status>
</suite>
<status status="PASS" starttime="20180803 17:15:58.997" endtime="20180803 17:15:59.487"></status>
</suite>
<statistics>
<total>
<stat pass="1" fail="0">Critical Tests</stat>
<stat pass="1" fail="0">All Tests</stat>
</total>
<tag>
</tag>
<suite>
<stat pass="1" fail="0" id="s1" name="Testsuite">Testsuite</stat>
<stat pass="1" fail="0" id="s1-s1" name="上河城 登录">Testsuite.上河城 登录</stat>
</suite>
</statistics>
<errors>
</errors>
</robot>
